<?xml version="1.0" encoding="UTF-8"?>
<!-- Generated by org.testng.reporters.JUnitXMLReporter -->
<testsuite ignored="3" hostname="DESKTOP-115CLN4" failures="1" tests="4" name="Test" time="74.433" errors="0" timestamp="2021-06-12T15:57:52 IST">
  <testcase classname="com.wipro.scripts.TS01Test" name="Login_Logout_Amazon" time="15.836"/>
  <testcase classname="com.wipro.scripts.TS03Test" name="change_language_Amazon" time="17.226"/>
  <testcase classname="com.wipro.scripts.TS02Test" name="Search_Product" time="12.381"/>
  <testcase classname="com.wipro.scripts.TS04Test" name="add_Address_and_remove_address" time="16.291">
    <failure type="java.lang.AssertionError" message="expected [Address deleted] but found [Address saved]">
      <![CDATA[java.lang.AssertionError: expected [Address deleted] but found [Address saved]
at com.wipro.reuse.Commonfunction.removeAddress(Commonfunction.java:110)
at com.wipro.scripts.TS04Test.add_Address_and_remove_address(TS04Test.java:17)
at java.base/java.util.ArrayList.forEach(ArrayList.java:1511)
... Removed 33 stack frames]]>
    </failure>
  </testcase> <!-- add_Address_and_remove_address -->
  <testcase classname="com.wipro.config.StartBrowser" name="@BeforeTest generateReport" time="0.0">
    <ignored/>
  </testcase> <!-- @BeforeTest generateReport -->
  <testcase classname="com.wipro.config.StartBrowser" name="@BeforeTest generateReport" time="0.0">
    <ignored/>
  </testcase> <!-- @BeforeTest generateReport -->
  <testcase classname="com.wipro.config.StartBrowser" name="@BeforeTest generateReport" time="0.0">
    <ignored/>
  </testcase> <!-- @BeforeTest generateReport -->
</testsuite> <!-- Test -->
