<?xml version="1.0" encoding="UTF-8"?>
<testng-results ignored="0" total="1" passed="1" failed="0" skipped="0">
  <reporter-output>
  </reporter-output>
  <suite started-at="2021-06-19T22:43:56 IST" name="Default suite" finished-at="2021-06-19T22:44:31 IST" duration-ms="34895">
    <groups>
    </groups>
    <test started-at="2021-06-19T22:43:56 IST" name="Default test" finished-at="2021-06-19T22:44:31 IST" duration-ms="34895">
      <class name="com.wipro.scripts.TS04Test">
        <test-method is-config="true" signature="generateReport()[pri:0, instance:com.wipro.scripts.TS04Test@503d687a]" started-at="2021-06-19T22:43:56 IST" name="generateReport" finished-at="2021-06-19T22:43:56 IST" duration-ms="393" status="PASS">
          <reporter-output>
          </reporter-output>
        </test-method> <!-- generateReport -->
        <test-method is-config="true" signature="invokeDriver()[pri:0, instance:com.wipro.scripts.TS04Test@503d687a]" started-at="2021-06-19T22:43:56 IST" name="invokeDriver" finished-at="2021-06-19T22:43:58 IST" duration-ms="2266" status="PASS">
          <reporter-output>
          </reporter-output>
        </test-method> <!-- invokeDriver -->
        <test-method is-config="true" signature="methodName(java.lang.reflect.Method)[pri:0, instance:com.wipro.scripts.TS04Test@503d687a]" started-at="2021-06-19T22:43:58 IST" name="methodName" finished-at="2021-06-19T22:43:58 IST" duration-ms="12" status="PASS">
          <params>
            <param index="0">
              <value>
                <![CDATA[public void com.wipro.scripts.TS04Test.add_Address_and_remove_address() throws com.codoid.products.exception.FilloException,java.lang.InterruptedException]]>
              </value>
            </param>
          </params>
          <reporter-output>
          </reporter-output>
        </test-method> <!-- methodName -->
        <test-method signature="add_Address_and_remove_address()[pri:0, instance:com.wipro.scripts.TS04Test@503d687a]" started-at="2021-06-19T22:43:58 IST" name="add_Address_and_remove_address" finished-at="2021-06-19T22:44:29 IST" duration-ms="31097" status="PASS">
          <reporter-output>
          </reporter-output>
        </test-method> <!-- add_Address_and_remove_address -->
        <test-method is-config="true" signature="afterClass()[pri:0, instance:com.wipro.scripts.TS04Test@503d687a]" started-at="2021-06-19T22:44:29 IST" name="afterClass" finished-at="2021-06-19T22:44:31 IST" duration-ms="1092" status="PASS">
          <reporter-output>
          </reporter-output>
        </test-method> <!-- afterClass -->
      </class> <!-- com.wipro.scripts.TS04Test -->
    </test> <!-- Default test -->
  </suite> <!-- Default suite -->
</testng-results>
